  main.cpp
C:\Users\Emmet\Downloads\Assignment 02 - SFML Game\main.cpp(58,12): warning C4244: 'argument': conversion from 'time_t' to 'unsigned int', possible loss of data
C:\Users\Emmet\Downloads\Assignment 02 - SFML Game\main.cpp(79,30): warning C4305: 'initializing': truncation from 'double' to 'float'
C:\Users\Emmet\Downloads\Assignment 02 - SFML Game\main.cpp(95,18): warning C4244: 'initializing': conversion from 'float' to 'int', possible loss of data
C:\Users\Emmet\Downloads\Assignment 02 - SFML Game\main.cpp(110,61): warning C4305: '=': truncation from 'double' to 'float'
C:\Users\Emmet\Downloads\Assignment 02 - SFML Game\main.cpp(182,57): warning C4305: '=': truncation from 'double' to 'float'
C:\Users\Emmet\Downloads\Assignment 02 - SFML Game\main.cpp(183,63): warning C4305: '=': truncation from 'double' to 'float'
C:\Users\Emmet\Downloads\Assignment 02 - SFML Game\main.cpp(185,63): warning C4305: '=': truncation from 'double' to 'float'
C:\Users\Emmet\Downloads\Assignment 02 - SFML Game\main.cpp(186,63): warning C4305: '=': truncation from 'double' to 'float'
C:\Users\Emmet\Downloads\Assignment 02 - SFML Game\main.cpp(199,73): warning C4244: 'argument': conversion from 'T' to 'float', possible loss of data
          with
          [
              T=unsigned int
          ]
C:\Users\Emmet\Downloads\Assignment 02 - SFML Game\main.cpp(199,47): warning C4244: 'argument': conversion from 'T' to 'float', possible loss of data
          with
          [
              T=unsigned int
          ]
C:\Users\Emmet\Downloads\Assignment 02 - SFML Game\main.cpp(202,68): warning C4244: 'argument': conversion from 'T' to 'float', possible loss of data
          with
          [
              T=unsigned int
          ]
C:\Users\Emmet\Downloads\Assignment 02 - SFML Game\main.cpp(202,42): warning C4244: 'argument': conversion from 'T' to 'float', possible loss of data
          with
          [
              T=unsigned int
          ]
C:\Users\Emmet\Downloads\Assignment 02 - SFML Game\main.cpp(206,73): warning C4244: 'argument': conversion from 'T' to 'float', possible loss of data
          with
          [
              T=unsigned int
          ]
C:\Users\Emmet\Downloads\Assignment 02 - SFML Game\main.cpp(206,47): warning C4244: 'argument': conversion from 'T' to 'float', possible loss of data
          with
          [
              T=unsigned int
          ]
C:\Users\Emmet\Downloads\Assignment 02 - SFML Game\main.cpp(209,68): warning C4244: 'argument': conversion from 'T' to 'float', possible loss of data
          with
          [
              T=unsigned int
          ]
C:\Users\Emmet\Downloads\Assignment 02 - SFML Game\main.cpp(209,42): warning C4244: 'argument': conversion from 'T' to 'float', possible loss of data
          with
          [
              T=unsigned int
          ]
C:\Users\Emmet\Downloads\Assignment 02 - SFML Game\main.cpp(213,72): warning C4244: 'argument': conversion from 'T' to 'float', possible loss of data
          with
          [
              T=unsigned int
          ]
C:\Users\Emmet\Downloads\Assignment 02 - SFML Game\main.cpp(213,46): warning C4244: 'argument': conversion from 'T' to 'float', possible loss of data
          with
          [
              T=unsigned int
          ]
C:\Users\Emmet\Downloads\Assignment 02 - SFML Game\main.cpp(216,72): warning C4244: 'argument': conversion from 'T' to 'float', possible loss of data
          with
          [
              T=unsigned int
          ]
C:\Users\Emmet\Downloads\Assignment 02 - SFML Game\main.cpp(216,46): warning C4244: 'argument': conversion from 'T' to 'float', possible loss of data
          with
          [
              T=unsigned int
          ]
C:\Users\Emmet\Downloads\Assignment 02 - SFML Game\main.cpp(231,31): warning C4244: 'argument': conversion from 'int' to 'float', possible loss of data
C:\Users\Emmet\Downloads\Assignment 02 - SFML Game\main.cpp(231,23): warning C4244: 'argument': conversion from 'int' to 'float', possible loss of data
C:\Users\Emmet\Downloads\Assignment 02 - SFML Game\main.cpp(239,40): warning C4244: 'argument': conversion from 'int' to 'float', possible loss of data
C:\Users\Emmet\Downloads\Assignment 02 - SFML Game\main.cpp(239,27): warning C4244: 'argument': conversion from 'int' to 'float', possible loss of data
  Generating code
  81 of 84 functions (96.4%) were compiled, the rest were copied from previous compilation.
    0 functions were new in current compilation
    1 functions had inline decision re-evaluated but remain unchanged
  Finished generating code
  Assignment 02 - SFML Game.vcxproj -> C:\Users\Emmet\Downloads\Assignment 02 - SFML Game\x64\Release\Assignment 02 - SFML Game.exe
